<?xml version="1.0" encoding="UTF-8"?>
<!-- Generated by org.testng.reporters.JUnitReportReporter -->
<testsuite hostname="PT-MAC-42.local" name="Monitor.FileMonitor" tests="2" failures="0" timestamp="26 Apr 2016 09:20:33 GMT" time="1.604" errors="0">
  <testcase name="SecureSite" time="0.159" classname="Monitor.FileMonitor"/>
  <testcase name="RobotFile" time="1.445" classname="Monitor.FileMonitor"/>
</testsuite> <!-- Monitor.FileMonitor -->
